2026-03-06 20:55:36,737 | WARNING | Stream: input overflow
2026-03-06 20:55:36,779 | INFO | Event#1 | Cough 😤 | conf=0.75 | dur=0.81s | cheat=False
2026-03-06 20:55:54,897 | WARNING | Stream: input overflow
2026-03-06 20:55:54,915 | INFO | Event#2 | Speech 🗣️ | conf=0.54 | dur=2.79s | cheat=False
2026-03-06 20:56:02,216 | WARNING | Stream: input overflow
2026-03-06 20:56:02,232 | INFO | Event#4 | Noise 🔇 | conf=0.32 | dur=1.17s | cheat=False
2026-03-06 20:56:08,724 | WARNING | Stream: input overflow
2026-03-06 20:56:08,741 | INFO | Event#5 | Paper 📄 | conf=0.47 | dur=0.51s | cheat=False
2026-03-06 20:56:29,985 | WARNING | Stream: input overflow
2026-03-06 20:56:30,003 | INFO | Event#6 | Cough 😤 | conf=0.66 | dur=1.05s | cheat=False
2026-03-06 20:56:49,359 | WARNING | Stream: input overflow
2026-03-06 20:56:49,375 | INFO | Event#10 | Paper 📄 | conf=0.47 | dur=0.30s | cheat=False
2026-03-06 20:56:53,053 | WARNING | Stream: input overflow
2026-03-06 20:56:53,068 | INFO | Event#11 | Cough 😤 | conf=0.40 | dur=0.39s | cheat=False
2026-03-06 20:56:57,869 | WARNING | Stream: input overflow
2026-03-06 20:56:57,899 | INFO | Event#12 | Noise 🔇 | conf=0.35 | dur=0.36s | cheat=False
2026-03-06 20:57:07,920 | WARNING | Stream: input overflow
2026-03-06 20:57:07,942 | INFO | Event#14 | Whisper 🤫 | conf=0.38 | dur=0.96s | cheat=False
2026-03-06 20:57:13,669 | WARNING | Stream: input overflow
2026-03-06 20:57:13,671 | INFO | Event#15 | Paper 📄 | conf=0.35 | dur=0.72s | cheat=False
2026-03-06 20:57:18,512 | WARNING | Stream: input overflow
2026-03-06 20:57:18,522 | INFO | Event#16 | Whisper 🤫 | conf=0.39 | dur=0.90s | cheat=False
2026-03-06 20:57:24,060 | WARNING | Stream: input overflow
2026-03-06 20:57:24,076 | INFO | Event#17 | Cough 😤 | conf=0.60 | dur=0.48s | cheat=False
2026-03-06 20:57:27,798 | WARNING | Stream: input overflow
2026-03-06 20:57:27,808 | INFO | Event#18 | Cough 😤 | conf=0.52 | dur=0.63s | cheat=False
2026-03-06 20:57:49,760 | WARNING | Stream: input overflow
2026-03-06 20:57:49,777 | INFO | Event#24 | Cough 😤 | conf=0.52 | dur=0.63s | cheat=False
2026-03-06 20:57:55,772 | WARNING | Stream: input overflow
2026-03-06 20:57:55,789 | INFO | Event#25 | Cough 😤 | conf=0.65 | dur=1.62s | cheat=False
2026-03-06 20:58:45,754 | WARNING | Stream: input overflow
2026-03-06 20:58:45,771 | INFO | Event#29 | Cough 😤 | conf=0.61 | dur=1.11s | cheat=False
2026-03-06 20:58:54,084 | WARNING | Stream: input overflow
2026-03-06 20:58:54,110 | INFO | Event#31 | Paper 📄 | conf=0.53 | dur=0.42s | cheat=False
2026-03-06 20:58:59,223 | WARNING | Stream: input overflow
2026-03-06 20:58:59,236 | INFO | Event#33 | Whisper 🤫 | conf=0.47 | dur=0.69s | cheat=False
2026-03-06 20:59:04,465 | WARNING | Stream: input overflow
2026-03-06 20:59:04,490 | INFO | Event#34 | Whisper 🤫 | conf=0.45 | dur=0.51s | cheat=False
2026-03-06 20:59:13,799 | WARNING | Stream: input overflow
2026-03-06 20:59:13,807 | INFO | Event#35 | Whisper 🤫 | conf=0.43 | dur=2.13s | cheat=False
2026-03-06 20:59:50,971 | WARNING | Stream: input overflow
2026-03-06 20:59:50,994 | INFO | Event#36 | Paper 📄 | conf=0.55 | dur=0.33s | cheat=False
2026-03-06 20:59:57,075 | WARNING | Stream: input overflow
2026-03-06 20:59:57,097 | INFO | Event#37 | Speech 🗣️ | conf=0.68 | dur=3.03s | cheat=True
2026-03-06 20:59:57,241 | WARNING | 🚨 CHEAT #1 | Speech 🗣️ | conf=0.68 | file=detections\cheat_0001_Speech.wav
2026-03-06 21:00:25,603 | WARNING | Stream: input overflow
2026-03-06 21:00:25,620 | INFO | Event#42 | Speech 🗣️ | conf=0.38 | dur=1.14s | cheat=False
2026-03-06 21:00:32,823 | WARNING | Stream: input overflow
2026-03-06 21:00:32,846 | INFO | Event#43 | Noise 🔇 | conf=0.45 | dur=0.48s | cheat=False
2026-03-06 21:00:38,142 | WARNING | Stream: input overflow
2026-03-06 21:00:38,158 | INFO | Event#44 | Cough 😤 | conf=0.69 | dur=0.45s | cheat=False
2026-03-06 21:00:44,310 | WARNING | Stream: input overflow
2026-03-06 21:00:44,328 | INFO | Event#45 | Cough 😤 | conf=0.73 | dur=1.17s | cheat=False
2026-03-06 21:01:12,051 | WARNING | Stream: input overflow
2026-03-06 21:01:12,072 | INFO | Event#49 | Paper 📄 | conf=0.65 | dur=0.54s | cheat=False
2026-03-06 21:01:26,396 | WARNING | Stream: input overflow
2026-03-06 21:01:26,415 | INFO | Event#51 | Paper 📄 | conf=0.40 | dur=0.30s | cheat=False
2026-03-06 21:01:40,347 | WARNING | Stream: input overflow
2026-03-06 21:01:40,367 | INFO | Event#53 | Paper 📄 | conf=0.52 | dur=0.36s | cheat=False
2026-03-06 21:01:53,293 | WARNING | Stream: input overflow
2026-03-06 21:01:53,307 | INFO | Event#57 | Paper 📄 | conf=0.62 | dur=0.84s | cheat=False
2026-03-06 21:01:58,342 | WARNING | Stream: input overflow
2026-03-06 21:01:58,362 | INFO | Event#58 | Cough 😤 | conf=0.47 | dur=0.60s | cheat=False
2026-03-06 21:02:03,761 | WARNING | Stream: input overflow
2026-03-06 21:02:03,777 | INFO | Event#59 | Paper 📄 | conf=0.66 | dur=1.20s | cheat=False
2026-03-06 21:02:07,483 | WARNING | Stream: input overflow
2026-03-06 21:02:07,497 | INFO | Event#60 | Paper 📄 | conf=0.63 | dur=0.39s | cheat=False
2026-03-06 21:02:11,002 | WARNING | Stream: input overflow
2026-03-06 21:02:11,020 | INFO | Event#61 | Paper 📄 | conf=0.60 | dur=0.30s | cheat=False
2026-03-06 21:02:54,901 | WARNING | Stream: input overflow
2026-03-06 21:02:54,920 | INFO | Event#66 | Noise 🔇 | conf=0.88 | dur=4.35s | cheat=False
2026-03-06 21:03:06,026 | WARNING | Stream: input overflow
2026-03-06 21:03:06,046 | INFO | Event#67 | Noise 🔇 | conf=0.98 | dur=5.22s | cheat=False
2026-03-06 21:03:18,660 | WARNING | Stream: input overflow
2026-03-06 21:03:18,676 | INFO | Event#68 | Noise 🔇 | conf=0.99 | dur=5.37s | cheat=False
2026-03-06 21:03:21,256 | WARNING | Stream: input overflow
2026-03-06 21:03:21,271 | INFO | Event#69 | Cough 😤 | conf=0.66 | dur=0.81s | cheat=False
2026-03-06 21:03:57,749 | WARNING | Stream: input overflow
2026-03-06 21:03:57,768 | INFO | Event#73 | Cough 😤 | conf=0.67 | dur=0.69s | cheat=False
2026-03-06 21:04:05,529 | WARNING | Stream: input overflow
2026-03-06 21:04:05,548 | INFO | Event#74 | Cough 😤 | conf=0.57 | dur=2.94s | cheat=False
2026-03-06 21:04:15,113 | WARNING | Stream: input overflow
2026-03-06 21:04:15,129 | INFO | Event#77 | Whisper 🤫 | conf=0.39 | dur=0.90s | cheat=False
2026-03-06 21:04:20,584 | WARNING | Stream: input overflow
2026-03-06 21:04:20,607 | INFO | Event#78 | Cough 😤 | conf=0.79 | dur=0.54s | cheat=False
2026-03-06 21:04:24,933 | WARNING | Stream: input overflow
2026-03-06 21:04:24,948 | INFO | Event#79 | Cough 😤 | conf=0.76 | dur=0.54s | cheat=False
2026-03-06 21:04:28,574 | WARNING | Stream: input overflow
2026-03-06 21:04:28,589 | INFO | Event#80 | Cough 😤 | conf=0.73 | dur=0.63s | cheat=False
2026-03-06 21:04:31,715 | WARNING | Stream: input overflow
2026-03-06 21:04:31,734 | INFO | Event#81 | Cough 😤 | conf=0.77 | dur=0.57s | cheat=False
2026-03-06 21:04:38,115 | WARNING | Stream: input overflow
2026-03-06 21:04:38,136 | INFO | Event#82 | Paper 📄 | conf=0.35 | dur=1.68s | cheat=False
