2026-04-29 17:26:04,491 | INFO | Calibration done | base=0.0000001 | multiplier=×5.0 | threshold=0.0000004
2026-04-29 17:26:18,554 | WARNING | Stream status: input overflow
2026-04-29 17:26:21,531 | INFO | Event#3 | Cheating 🚨 | conf=0.753 | dur=0.60s | cheat=False
2026-04-29 17:26:22,123 | WARNING | Stream status: input overflow
2026-04-29 17:26:22,158 | INFO | Event#4 | Cheating 🚨 | conf=0.651 | dur=0.54s | cheat=False
2026-04-29 17:26:26,165 | WARNING | Stream status: input overflow
2026-04-29 17:26:26,223 | INFO | Event#5 | Cheating 🚨 | conf=0.775 | dur=0.54s | cheat=False
2026-04-29 17:26:33,059 | WARNING | Stream status: input overflow
2026-04-29 17:26:33,119 | INFO | Event#6 | Cheating 🚨 | conf=0.679 | dur=1.26s | cheat=False
2026-04-29 17:26:38,288 | WARNING | Stream status: input overflow
2026-04-29 17:26:38,344 | INFO | Event#7 | Cheating 🚨 | conf=0.699 | dur=1.44s | cheat=False
2026-04-29 17:26:43,921 | WARNING | Stream status: input overflow
2026-04-29 17:26:43,980 | INFO | Event#8 | Cheating 🚨 | conf=0.719 | dur=1.35s | cheat=False
2026-04-29 17:27:02,613 | WARNING | Stream status: input overflow
2026-04-29 17:27:02,673 | INFO | Event#9 | Cheating 🚨 | conf=0.663 | dur=1.32s | cheat=False
2026-04-29 17:27:10,912 | WARNING | Stream status: input overflow
2026-04-29 17:27:10,975 | INFO | Event#10 | Cheating 🚨 | conf=0.838 | dur=2.61s | cheat=True
2026-04-29 17:27:11,111 | WARNING | 🚨 CHEAT #1 | Cheating 🚨 | conf=0.838 | dur=2.61s | file=detections\cheat_0001_17-27-10.wav
2026-04-29 17:27:55,200 | WARNING | Stream status: input overflow
2026-04-29 17:27:55,254 | INFO | Event#14 | Cheating 🚨 | conf=0.668 | dur=1.05s | cheat=False
2026-04-29 17:28:43,871 | WARNING | Stream status: input overflow
2026-04-29 17:28:43,915 | INFO | Event#17 | Cheating 🚨 | conf=0.609 | dur=1.38s | cheat=False
2026-04-29 17:28:50,004 | WARNING | Stream status: input overflow
2026-04-29 17:28:50,050 | INFO | Event#18 | Cheating 🚨 | conf=0.738 | dur=0.96s | cheat=False
2026-04-29 17:28:54,054 | WARNING | Stream status: input overflow
2026-04-29 17:28:54,109 | INFO | Event#19 | Cheating 🚨 | conf=0.929 | dur=0.81s | cheat=False
2026-04-29 17:29:06,030 | WARNING | Stream status: input overflow
2026-04-29 17:29:06,084 | INFO | Event#20 | Cheating 🚨 | conf=0.803 | dur=1.11s | cheat=True
2026-04-29 17:29:06,223 | WARNING | 🚨 CHEAT #2 | Cheating 🚨 | conf=0.803 | dur=1.11s | file=detections\cheat_0002_17-29-06.wav
2026-04-29 17:29:19,877 | WARNING | Stream status: input overflow
2026-04-29 17:29:19,926 | INFO | Event#23 | Cheating 🚨 | conf=0.780 | dur=1.62s | cheat=True
2026-04-29 17:29:19,933 | WARNING | 🚨 CHEAT #3 | Cheating 🚨 | conf=0.780 | dur=1.62s | file=detections\cheat_0003_17-29-19.wav
2026-04-29 17:29:24,335 | WARNING | Stream status: input overflow
2026-04-29 17:29:24,378 | INFO | Event#24 | Cheating 🚨 | conf=0.949 | dur=0.51s | cheat=False
2026-04-29 17:29:38,065 | WARNING | Stream status: input overflow
2026-04-29 17:29:38,202 | INFO | Event#25 | Cheating 🚨 | conf=0.871 | dur=1.08s | cheat=True
2026-04-29 17:29:38,215 | WARNING | 🚨 CHEAT #4 | Cheating 🚨 | conf=0.871 | dur=1.08s | file=detections\cheat_0004_17-29-38.wav
2026-04-29 17:29:52,846 | WARNING | Stream status: input overflow
2026-04-29 17:29:52,896 | INFO | Event#27 | Cheating 🚨 | conf=0.758 | dur=1.20s | cheat=False
2026-04-29 17:29:58,516 | WARNING | Stream status: input overflow
2026-04-29 17:29:58,559 | INFO | Event#28 | Cheating 🚨 | conf=0.733 | dur=1.26s | cheat=False
2026-04-29 17:30:10,895 | WARNING | Stream status: input overflow
2026-04-29 17:30:10,946 | INFO | Event#31 | Cheating 🚨 | conf=0.853 | dur=1.38s | cheat=True
2026-04-29 17:30:11,066 | WARNING | 🚨 CHEAT #5 | Cheating 🚨 | conf=0.853 | dur=1.38s | file=detections\cheat_0005_17-30-10.wav
2026-04-29 17:30:18,737 | WARNING | Stream status: input overflow
2026-04-29 17:30:18,786 | INFO | Event#33 | Cheating 🚨 | conf=0.792 | dur=0.93s | cheat=False
