2026-03-06 22:13:25,770 | WARNING | Stream: input overflow
2026-03-06 22:13:25,782 | INFO | Event#1 | Cough 😤 | conf=0.63 | dur=0.81s | cheat=False
2026-03-06 22:13:27,528 | WARNING | Stream: input overflow
2026-03-06 22:13:27,539 | INFO | Event#2 | Cough 😤 | conf=0.58 | dur=0.75s | cheat=False
2026-03-06 22:13:30,934 | WARNING | Stream: input overflow
2026-03-06 22:13:30,938 | INFO | Event#3 | Paper 📄 | conf=0.59 | dur=0.39s | cheat=False
2026-03-06 22:13:39,201 | WARNING | Stream: input overflow
2026-03-06 22:13:39,207 | INFO | Event#4 | Cough 😤 | conf=0.69 | dur=0.69s | cheat=False
2026-03-06 22:13:43,406 | WARNING | Stream: input overflow
2026-03-06 22:13:43,410 | INFO | Event#5 | Cough 😤 | conf=0.46 | dur=0.81s | cheat=False
2026-03-06 22:13:59,238 | WARNING | Stream: input overflow
2026-03-06 22:13:59,241 | INFO | Event#7 | Cough 😤 | conf=0.58 | dur=0.90s | cheat=False
2026-03-06 22:14:17,396 | WARNING | Stream: input overflow
2026-03-06 22:14:17,397 | INFO | Event#10 | Cough 😤 | conf=0.66 | dur=1.20s | cheat=False
2026-03-06 22:14:25,179 | WARNING | Stream: input overflow
2026-03-06 22:14:25,179 | INFO | Event#13 | Speech 🗣️ | conf=0.31 | dur=0.69s | cheat=False
2026-03-06 22:14:30,068 | WARNING | Stream: input overflow
2026-03-06 22:14:30,073 | INFO | Event#14 | Speech 🗣️ | conf=0.41 | dur=0.96s | cheat=False
2026-03-06 22:14:34,029 | WARNING | Stream: input overflow
2026-03-06 22:14:34,035 | INFO | Event#15 | Cough 😤 | conf=0.55 | dur=0.93s | cheat=False
2026-03-06 22:14:38,988 | WARNING | Stream: input overflow
2026-03-06 22:14:38,989 | INFO | Event#16 | Speech 🗣️ | conf=0.38 | dur=1.14s | cheat=False
2026-03-06 22:14:42,981 | WARNING | Stream: input overflow
2026-03-06 22:14:42,982 | INFO | Event#17 | Cough 😤 | conf=0.36 | dur=1.26s | cheat=False
2026-03-06 22:14:59,747 | WARNING | Stream: input overflow
2026-03-06 22:14:59,749 | INFO | Event#20 | Paper 📄 | conf=0.42 | dur=0.48s | cheat=False
2026-03-06 22:15:03,237 | WARNING | Stream: input overflow
2026-03-06 22:15:03,238 | INFO | Event#21 | Whisper 🤫 | conf=0.49 | dur=0.69s | cheat=False
2026-03-06 22:15:32,109 | INFO | Event#23 | Paper 📄 | conf=0.55 | dur=0.30s | cheat=False
2026-03-06 22:15:32,114 | WARNING | Stream: input overflow
2026-03-06 22:15:36,432 | INFO | Event#25 | Cough 😤 | conf=0.59 | dur=0.57s | cheat=False
2026-03-06 22:15:36,434 | WARNING | Stream: input overflow
2026-03-06 22:15:42,149 | INFO | Event#26 | Cough 😤 | conf=0.43 | dur=1.59s | cheat=False
2026-03-06 22:15:42,153 | WARNING | Stream: input overflow
2026-03-06 22:15:47,104 | WARNING | Stream: input overflow
2026-03-06 22:15:47,105 | INFO | Event#27 | Cough 😤 | conf=0.34 | dur=0.45s | cheat=False
2026-03-06 22:15:52,384 | INFO | Event#28 | Cough 😤 | conf=0.59 | dur=0.39s | cheat=False
2026-03-06 22:15:52,384 | WARNING | Stream: input overflow
2026-03-06 22:16:00,700 | INFO | Event#30 | Cough 😤 | conf=0.35 | dur=0.33s | cheat=False
2026-03-06 22:16:00,704 | WARNING | Stream: input overflow
2026-03-06 22:16:13,869 | INFO | Event#32 | Cough 😤 | conf=0.57 | dur=0.72s | cheat=False
2026-03-06 22:16:13,874 | WARNING | Stream: input overflow
2026-03-06 22:16:19,412 | INFO | Event#33 | Whisper 🤫 | conf=0.39 | dur=0.90s | cheat=False
2026-03-06 22:16:19,413 | WARNING | Stream: input overflow
2026-03-06 22:16:24,742 | INFO | Event#34 | Cough 😤 | conf=0.62 | dur=0.78s | cheat=False
2026-03-06 22:16:24,744 | WARNING | Stream: input overflow
2026-03-06 22:17:13,401 | INFO | Event#39 | Cough 😤 | conf=0.56 | dur=1.32s | cheat=False
2026-03-06 22:17:13,402 | WARNING | Stream: input overflow
2026-03-06 22:17:54,181 | INFO | Event#41 | Noise 🔇 | conf=0.41 | dur=1.56s | cheat=False
2026-03-06 22:17:54,183 | WARNING | Stream: input overflow
2026-03-06 22:18:01,937 | INFO | Event#42 | Paper 📄 | conf=0.44 | dur=0.84s | cheat=False
2026-03-06 22:18:01,944 | WARNING | Stream: input overflow
2026-03-06 22:21:34,793 | WARNING | Stream: input overflow
2026-03-06 22:21:34,798 | INFO | Event#47 | Cough 😤 | conf=0.62 | dur=7.26s | cheat=False
2026-03-06 22:21:39,300 | INFO | Event#48 | Cough 😤 | conf=0.64 | dur=0.99s | cheat=False
2026-03-06 22:21:39,303 | WARNING | Stream: input overflow
2026-03-06 22:21:43,778 | WARNING | Stream: input overflow
2026-03-06 22:21:43,779 | INFO | Event#49 | Noise 🔇 | conf=0.39 | dur=0.60s | cheat=False
2026-03-06 22:21:51,997 | WARNING | Stream: input overflow
2026-03-06 22:21:51,997 | INFO | Event#50 | Cough 😤 | conf=0.47 | dur=3.54s | cheat=False
2026-03-06 22:21:57,908 | INFO | Event#52 | Speech 🗣️ | conf=0.51 | dur=2.07s | cheat=False
2026-03-06 22:21:57,913 | WARNING | Stream: input overflow
2026-03-06 22:22:00,170 | INFO | Event#53 | Paper 📄 | conf=0.41 | dur=0.30s | cheat=False
2026-03-06 22:22:00,173 | WARNING | Stream: input overflow
2026-03-06 22:22:08,393 | WARNING | Stream: input overflow
2026-03-06 22:22:08,397 | INFO | Event#54 | Cough 😤 | conf=0.57 | dur=1.62s | cheat=False
2026-03-06 22:22:10,831 | WARNING | Stream: input overflow
2026-03-06 22:22:10,836 | INFO | Event#55 | Noise 🔇 | conf=0.32 | dur=0.51s | cheat=False
2026-03-06 22:22:17,384 | WARNING | Stream: input overflow
2026-03-06 22:22:17,384 | INFO | Event#56 | Cough 😤 | conf=0.53 | dur=1.50s | cheat=False
2026-03-06 22:22:20,322 | WARNING | Stream: input overflow
2026-03-06 22:22:20,329 | INFO | Event#57 | Whisper 🤫 | conf=0.34 | dur=0.66s | cheat=False
2026-03-06 22:22:29,283 | WARNING | Stream: input overflow
2026-03-06 22:22:29,290 | INFO | Event#58 | Cough 😤 | conf=0.58 | dur=2.64s | cheat=False
2026-03-06 22:22:34,798 | INFO | Event#59 | Noise 🔇 | conf=0.38 | dur=1.80s | cheat=False
2026-03-06 22:22:34,803 | WARNING | Stream: input overflow
2026-03-06 22:22:43,373 | WARNING | Stream: input overflow
2026-03-06 22:22:43,375 | INFO | Event#61 | Paper 📄 | conf=0.39 | dur=0.84s | cheat=False
2026-03-06 22:22:57,771 | INFO | Event#62 | Cough 😤 | conf=0.48 | dur=5.28s | cheat=False
2026-03-06 22:22:57,773 | WARNING | Stream: input overflow
2026-03-06 22:23:00,910 | INFO | Event#63 | Noise 🔇 | conf=0.34 | dur=0.51s | cheat=False
2026-03-06 22:23:00,912 | WARNING | Stream: input overflow
2026-03-06 22:23:21,195 | WARNING | Stream: input overflow
2026-03-06 22:23:21,199 | INFO | Event#66 | Paper 📄 | conf=0.40 | dur=0.51s | cheat=False
2026-03-06 22:23:24,045 | WARNING | Stream: input overflow
2026-03-06 22:23:24,045 | INFO | Event#67 | Paper 📄 | conf=0.41 | dur=0.48s | cheat=False
2026-03-06 22:23:29,939 | INFO | Event#68 | Noise 🔇 | conf=0.34 | dur=0.33s | cheat=False
2026-03-06 22:23:29,943 | WARNING | Stream: input overflow
2026-03-06 22:24:50,491 | INFO | Event#70 | Paper 📄 | conf=0.58 | dur=0.39s | cheat=False
2026-03-06 22:24:50,493 | WARNING | Stream: input overflow
2026-03-06 22:25:18,388 | INFO | Event#73 | Speech 🗣️ | conf=0.40 | dur=0.66s | cheat=False
2026-03-06 22:25:18,393 | WARNING | Stream: input overflow
2026-03-06 22:25:53,550 | INFO | Event#75 | Whisper 🤫 | conf=0.43 | dur=0.48s | cheat=False
2026-03-06 22:25:53,553 | WARNING | Stream: input overflow
2026-03-06 22:32:52,150 | INFO | Event#96 | Speech 🗣️ | conf=0.52 | dur=0.69s | cheat=False
2026-03-06 22:32:52,152 | WARNING | Stream: input overflow
2026-03-06 22:32:54,932 | INFO | Event#97 | Cough 😤 | conf=0.36 | dur=0.99s | cheat=False
2026-03-06 22:32:54,933 | WARNING | Stream: input overflow
2026-03-06 22:32:58,251 | INFO | Event#98 | Cough 😤 | conf=0.70 | dur=1.35s | cheat=False
2026-03-06 22:32:58,253 | WARNING | Stream: input overflow
2026-03-06 22:36:00,596 | WARNING | Stream: input overflow
2026-03-06 22:36:00,598 | INFO | Event#104 | Cough 😤 | conf=0.53 | dur=2.79s | cheat=False
2026-03-06 22:36:13,452 | WARNING | Stream: input overflow
2026-03-06 22:36:13,452 | INFO | Event#105 | Cough 😤 | conf=0.62 | dur=0.51s | cheat=False
2026-03-06 22:36:19,359 | INFO | Event#106 | Cough 😤 | conf=0.57 | dur=0.66s | cheat=False
2026-03-06 22:36:19,361 | WARNING | Stream: input overflow
2026-03-06 22:36:27,438 | INFO | Event#107 | Cough 😤 | conf=0.34 | dur=1.53s | cheat=False
2026-03-06 22:36:27,442 | WARNING | Stream: input overflow
2026-03-06 22:36:34,402 | WARNING | Stream: input overflow
2026-03-06 22:36:34,403 | INFO | Event#108 | Speech 🗣️ | conf=0.43 | dur=1.35s | cheat=False
2026-03-06 22:36:40,419 | INFO | Event#109 | Cough 😤 | conf=0.54 | dur=0.66s | cheat=False
2026-03-06 22:36:40,422 | WARNING | Stream: input overflow
2026-03-06 22:36:43,215 | WARNING | Stream: input overflow
2026-03-06 22:36:43,216 | INFO | Event#110 | Cough 😤 | conf=0.55 | dur=0.54s | cheat=False
2026-03-06 22:36:46,193 | WARNING | Stream: input overflow
2026-03-06 22:36:46,193 | INFO | Event#111 | Cough 😤 | conf=0.56 | dur=0.57s | cheat=False
2026-03-06 22:36:49,390 | INFO | Event#112 | Cough 😤 | conf=0.49 | dur=0.69s | cheat=False
2026-03-06 22:36:49,392 | WARNING | Stream: input overflow
2026-03-06 22:36:53,628 | INFO | Event#113 | Cough 😤 | conf=0.60 | dur=0.90s | cheat=False
2026-03-06 22:36:53,631 | WARNING | Stream: input overflow
2026-03-06 22:36:58,193 | WARNING | Stream: input overflow
2026-03-06 22:36:58,193 | INFO | Event#114 | Whisper 🤫 | conf=0.49 | dur=0.72s | cheat=False
2026-03-06 22:37:05,609 | INFO | Event#115 | Whisper 🤫 | conf=0.45 | dur=0.57s | cheat=False
2026-03-06 22:37:05,611 | WARNING | Stream: input overflow
2026-03-06 22:37:22,491 | INFO | Event#118 | Paper 📄 | conf=0.74 | dur=0.42s | cheat=False
2026-03-06 22:37:22,492 | WARNING | Stream: input overflow
2026-03-06 22:37:33,847 | INFO | Event#119 | Whisper 🤫 | conf=0.46 | dur=0.63s | cheat=False
2026-03-06 22:37:33,852 | WARNING | Stream: input overflow
2026-03-06 22:37:37,412 | WARNING | Stream: input overflow
2026-03-06 22:37:37,416 | INFO | Event#120 | Cough 😤 | conf=0.70 | dur=0.51s | cheat=False
2026-03-06 22:37:42,445 | WARNING | Stream: input overflow
2026-03-06 22:37:42,446 | INFO | Event#121 | Cough 😤 | conf=0.58 | dur=0.57s | cheat=False
2026-03-06 22:37:47,922 | WARNING | Stream: input overflow
2026-03-06 22:37:47,922 | INFO | Event#122 | Cough 😤 | conf=0.69 | dur=1.11s | cheat=False
2026-03-06 22:37:52,856 | WARNING | Stream: input overflow
2026-03-06 22:37:52,856 | INFO | Event#123 | Paper 📄 | conf=0.34 | dur=0.30s | cheat=False
2026-03-06 22:38:10,660 | INFO | Event#126 | Whisper 🤫 | conf=0.36 | dur=0.48s | cheat=False
2026-03-06 22:38:10,662 | WARNING | Stream: input overflow
2026-03-06 22:38:14,983 | WARNING | Stream: input overflow
2026-03-06 22:38:14,983 | INFO | Event#127 | Cough 😤 | conf=0.59 | dur=0.72s | cheat=False
2026-03-06 22:38:18,906 | WARNING | Stream: input overflow
2026-03-06 22:38:18,907 | INFO | Event#128 | Cough 😤 | conf=0.57 | dur=0.81s | cheat=False
2026-03-06 22:38:33,447 | INFO | Event#129 | Cough 😤 | conf=0.57 | dur=0.90s | cheat=False
2026-03-06 22:38:33,452 | WARNING | Stream: input overflow
2026-03-06 22:38:38,272 | WARNING | Stream: input overflow
2026-03-06 22:38:38,272 | INFO | Event#130 | Cough 😤 | conf=0.59 | dur=0.99s | cheat=False
2026-03-06 22:38:42,716 | INFO | Event#131 | Cough 😤 | conf=0.35 | dur=0.72s | cheat=False
2026-03-06 22:38:42,720 | WARNING | Stream: input overflow
2026-03-06 22:38:46,018 | INFO | Event#132 | Cough 😤 | conf=0.58 | dur=0.60s | cheat=False
2026-03-06 22:38:46,022 | WARNING | Stream: input overflow
2026-03-06 22:39:13,997 | INFO | Event#133 | Cough 😤 | conf=0.59 | dur=0.69s | cheat=False
2026-03-06 22:39:14,001 | WARNING | Stream: input overflow
2026-03-06 22:39:17,302 | INFO | Event#134 | Cough 😤 | conf=0.52 | dur=0.63s | cheat=False
2026-03-06 22:39:17,302 | WARNING | Stream: input overflow
2026-03-06 22:39:23,870 | INFO | Event#135 | Cough 😤 | conf=0.55 | dur=0.72s | cheat=False
2026-03-06 22:39:23,872 | WARNING | Stream: input overflow
2026-03-06 22:40:36,272 | INFO | Event#136 | Cough 😤 | conf=0.51 | dur=0.54s | cheat=False
2026-03-06 22:40:36,272 | WARNING | Stream: input overflow
2026-03-06 22:41:36,187 | INFO | Event#137 | Cough 😤 | conf=0.54 | dur=0.87s | cheat=False
2026-03-06 22:41:36,192 | WARNING | Stream: input overflow
2026-03-06 22:41:51,947 | INFO | Event#138 | Cough 😤 | conf=0.34 | dur=0.99s | cheat=False
2026-03-06 22:41:51,952 | WARNING | Stream: input overflow
2026-03-06 22:41:55,662 | WARNING | Stream: input overflow
2026-03-06 22:41:55,663 | INFO | Event#139 | Cough 😤 | conf=0.60 | dur=1.05s | cheat=False
2026-03-06 22:41:59,479 | INFO | Event#140 | Cough 😤 | conf=0.63 | dur=1.02s | cheat=False
2026-03-06 22:41:59,481 | WARNING | Stream: input overflow
2026-03-06 22:42:05,059 | INFO | Event#141 | Cough 😤 | conf=0.47 | dur=1.05s | cheat=False
2026-03-06 22:42:05,062 | WARNING | Stream: input overflow
2026-03-06 22:42:08,933 | WARNING | Stream: input overflow
2026-03-06 22:42:08,934 | INFO | Event#142 | Whisper 🤫 | conf=0.48 | dur=1.08s | cheat=False
2026-03-06 22:42:13,834 | WARNING | Stream: input overflow
2026-03-06 22:42:13,834 | INFO | Event#143 | Cough 😤 | conf=0.50 | dur=1.14s | cheat=False
2026-03-06 22:42:18,422 | WARNING | Stream: input overflow
2026-03-06 22:42:18,422 | INFO | Event#144 | Cough 😤 | conf=0.53 | dur=1.38s | cheat=False
2026-03-06 22:42:22,644 | WARNING | Stream: input overflow
2026-03-06 22:42:22,647 | INFO | Event#145 | Cough 😤 | conf=0.52 | dur=1.47s | cheat=False
2026-03-06 22:42:27,332 | WARNING | Stream: input overflow
2026-03-06 22:42:27,332 | INFO | Event#146 | Cough 😤 | conf=0.52 | dur=1.53s | cheat=False
2026-03-06 22:42:31,954 | INFO | Event#147 | Speech 🗣️ | conf=0.40 | dur=1.47s | cheat=False
2026-03-06 22:42:31,962 | WARNING | Stream: input overflow
2026-03-06 22:42:37,791 | INFO | Event#148 | Cough 😤 | conf=0.47 | dur=0.87s | cheat=False
2026-03-06 22:42:37,792 | WARNING | Stream: input overflow
2026-03-06 22:42:41,270 | INFO | Event#149 | Cough 😤 | conf=0.52 | dur=0.90s | cheat=False
2026-03-06 22:42:41,272 | WARNING | Stream: input overflow
2026-03-06 22:42:44,572 | WARNING | Stream: input overflow
2026-03-06 22:42:44,572 | INFO | Event#150 | Cough 😤 | conf=0.47 | dur=0.84s | cheat=False
2026-03-06 22:42:47,834 | WARNING | Stream: input overflow
2026-03-06 22:42:47,834 | INFO | Event#151 | Cough 😤 | conf=0.49 | dur=0.81s | cheat=False
2026-03-06 22:42:51,056 | INFO | Event#152 | Speech 🗣️ | conf=0.31 | dur=0.81s | cheat=False
2026-03-06 22:42:51,061 | WARNING | Stream: input overflow
2026-03-06 22:42:55,799 | INFO | Event#153 | Cough 😤 | conf=0.58 | dur=0.96s | cheat=False
2026-03-06 22:42:55,801 | WARNING | Stream: input overflow
2026-03-06 22:42:59,285 | INFO | Event#154 | Cough 😤 | conf=0.58 | dur=0.99s | cheat=False
2026-03-06 22:42:59,292 | WARNING | Stream: input overflow
2026-03-06 22:43:28,867 | INFO | Event#156 | Paper 📄 | conf=0.52 | dur=0.36s | cheat=False
2026-03-06 22:43:28,872 | WARNING | Stream: input overflow
2026-03-06 22:45:21,481 | WARNING | Stream: input overflow
2026-03-06 22:45:21,487 | INFO | Event#162 | Paper 📄 | conf=0.39 | dur=0.30s | cheat=False
2026-03-06 22:46:39,552 | WARNING | Stream: input overflow
2026-03-06 22:46:39,556 | INFO | Event#165 | Speech 🗣️ | conf=0.55 | dur=3.54s | cheat=False
2026-03-06 22:47:16,574 | WARNING | Stream: input overflow
2026-03-06 22:47:16,576 | INFO | Event#168 | Cough 😤 | conf=0.55 | dur=1.59s | cheat=False
2026-03-06 22:47:22,153 | WARNING | Stream: input overflow
2026-03-06 22:47:22,153 | INFO | Event#169 | Cough 😤 | conf=0.63 | dur=1.89s | cheat=False
2026-03-06 22:49:31,002 | WARNING | Stream: input overflow
2026-03-06 22:49:31,002 | INFO | Event#174 | Cough 😤 | conf=0.37 | dur=0.36s | cheat=False
2026-03-06 22:52:42,887 | INFO | Event#175 | Paper 📄 | conf=0.31 | dur=0.84s | cheat=False
2026-03-06 22:52:42,890 | WARNING | Stream: input overflow
2026-03-06 22:53:23,599 | INFO | Event#176 | Speech 🗣️ | conf=0.26 | dur=0.93s | cheat=False
2026-03-06 22:53:23,601 | WARNING | Stream: input overflow
2026-03-06 22:53:25,741 | WARNING | Stream: input overflow
2026-03-06 22:53:25,741 | INFO | Event#177 | Cough 😤 | conf=0.30 | dur=0.33s | cheat=False
2026-03-06 22:53:32,321 | WARNING | Stream: input overflow
2026-03-06 22:53:32,323 | INFO | Event#178 | Speech 🗣️ | conf=0.35 | dur=2.61s | cheat=False
2026-03-06 22:53:37,441 | WARNING | Stream: input overflow
2026-03-06 22:53:37,444 | INFO | Event#179 | Cough 😤 | conf=0.49 | dur=0.81s | cheat=False
2026-03-06 22:53:42,704 | WARNING | Stream: input overflow
2026-03-06 22:53:42,705 | INFO | Event#180 | Speech 🗣️ | conf=0.55 | dur=1.98s | cheat=False
2026-03-06 22:53:51,573 | WARNING | Stream: input overflow
2026-03-06 22:53:51,573 | INFO | Event#181 | Cough 😤 | conf=0.34 | dur=1.17s | cheat=False
2026-03-06 22:53:56,999 | INFO | Event#182 | Cough 😤 | conf=0.28 | dur=1.53s | cheat=False
2026-03-06 22:53:57,001 | WARNING | Stream: input overflow
2026-03-06 22:54:03,270 | WARNING | Stream: input overflow
2026-03-06 22:54:03,274 | INFO | Event#184 | Cough 😤 | conf=0.34 | dur=0.93s | cheat=False
2026-03-06 22:54:15,271 | WARNING | Stream: input overflow
2026-03-06 22:54:15,276 | INFO | Event#185 | Paper 📄 | conf=0.36 | dur=0.63s | cheat=False
2026-03-06 22:54:39,471 | WARNING | Stream: input overflow
2026-03-06 22:54:39,476 | INFO | Event#186 | Whisper 🤫 | conf=0.48 | dur=0.60s | cheat=False
2026-03-06 22:54:41,561 | INFO | Event#187 | Cough 😤 | conf=0.38 | dur=0.30s | cheat=False
2026-03-06 22:54:41,561 | WARNING | Stream: input overflow
2026-03-06 22:54:49,212 | WARNING | Stream: input overflow
2026-03-06 22:54:49,217 | INFO | Event#188 | Speech 🗣️ | conf=0.48 | dur=3.12s | cheat=False
2026-03-06 22:54:54,651 | WARNING | Stream: input overflow
2026-03-06 22:54:54,657 | INFO | Event#189 | Whisper 🤫 | conf=0.46 | dur=1.50s | cheat=False
2026-03-06 22:54:59,001 | WARNING | Stream: input overflow
2026-03-06 22:54:59,002 | INFO | Event#190 | Whisper 🤫 | conf=0.42 | dur=1.35s | cheat=False
2026-03-06 22:55:02,911 | WARNING | Stream: input overflow
2026-03-06 22:55:02,912 | INFO | Event#191 | Speech 🗣️ | conf=0.42 | dur=1.74s | cheat=False
2026-03-06 22:55:05,422 | WARNING | Stream: input overflow
2026-03-06 22:55:05,433 | INFO | Event#192 | Paper 📄 | conf=0.36 | dur=0.36s | cheat=False
2026-03-06 22:55:10,204 | WARNING | Stream: input overflow
2026-03-06 22:55:10,206 | INFO | Event#193 | Whisper 🤫 | conf=0.39 | dur=0.57s | cheat=False
2026-03-06 22:55:13,301 | WARNING | Stream: input overflow
2026-03-06 22:55:13,306 | INFO | Event#194 | Whisper 🤫 | conf=0.52 | dur=0.81s | cheat=False
2026-03-06 22:55:20,190 | WARNING | Stream: input overflow
2026-03-06 22:55:20,194 | INFO | Event#196 | Paper 📄 | conf=0.74 | dur=0.42s | cheat=False
2026-03-06 22:55:23,639 | INFO | Event#197 | Whisper 🤫 | conf=0.27 | dur=0.63s | cheat=False
2026-03-06 22:55:23,640 | WARNING | Stream: input overflow
2026-03-06 22:55:26,293 | WARNING | Stream: input overflow
2026-03-06 22:55:26,297 | INFO | Event#198 | Whisper 🤫 | conf=0.42 | dur=0.39s | cheat=False
2026-03-06 22:55:34,360 | WARNING | Stream: input overflow
2026-03-06 22:55:34,366 | INFO | Event#199 | Speech 🗣️ | conf=0.52 | dur=4.32s | cheat=False
2026-03-06 22:55:44,271 | WARNING | Stream: input overflow
2026-03-06 22:55:44,274 | INFO | Event#200 | Speech 🗣️ | conf=0.64 | dur=3.54s | cheat=False
2026-03-06 22:55:47,881 | WARNING | Stream: input overflow
2026-03-06 22:55:47,893 | INFO | Event#201 | Speech 🗣️ | conf=0.41 | dur=1.44s | cheat=False
2026-03-06 22:55:53,432 | WARNING | Stream: input overflow
2026-03-06 22:55:53,437 | INFO | Event#202 | Cough 😤 | conf=0.70 | dur=0.78s | cheat=False
2026-03-06 22:55:59,951 | WARNING | Stream: input overflow
2026-03-06 22:55:59,956 | INFO | Event#203 | Speech 🗣️ | conf=0.34 | dur=2.22s | cheat=False
2026-03-06 22:56:02,361 | WARNING | Stream: input overflow
2026-03-06 22:56:02,366 | INFO | Event#204 | Whisper 🤫 | conf=0.37 | dur=0.66s | cheat=False
2026-03-06 22:56:09,528 | INFO | Event#205 | Speech 🗣️ | conf=0.69 | dur=3.87s | cheat=True
2026-03-06 22:56:09,531 | WARNING | Stream: input overflow
2026-03-06 22:56:09,537 | WARNING | 🚨 CHEAT #1 | Speech 🗣️ | conf=0.69 | file=detections\cheat_0001_Speech.wav
2026-03-06 22:56:13,082 | WARNING | Stream: input overflow
2026-03-06 22:56:13,083 | INFO | Event#207 | Cough 😤 | conf=0.54 | dur=0.63s | cheat=False
2026-03-06 22:56:22,647 | INFO | Event#208 | Speech 🗣️ | conf=0.60 | dur=4.38s | cheat=False
2026-03-06 22:56:22,651 | WARNING | Stream: input overflow
2026-03-06 22:56:36,031 | WARNING | Stream: input overflow
2026-03-06 22:56:36,034 | INFO | Event#209 | Speech 🗣️ | conf=0.80 | dur=5.31s | cheat=True
2026-03-06 22:56:36,044 | WARNING | 🚨 CHEAT #2 | Speech 🗣️ | conf=0.80 | file=detections\cheat_0002_Speech.wav
2026-03-06 22:56:55,608 | INFO | Event#211 | Speech 🗣️ | conf=0.77 | dur=5.85s | cheat=True
2026-03-06 22:56:55,611 | WARNING | Stream: input overflow
2026-03-06 22:56:55,615 | WARNING | 🚨 CHEAT #3 | Speech 🗣️ | conf=0.77 | file=detections\cheat_0003_Speech.wav
2026-03-06 22:57:00,511 | WARNING | Stream: input overflow
2026-03-06 22:57:00,517 | INFO | Event#212 | Speech 🗣️ | conf=0.46 | dur=2.28s | cheat=False
2026-03-06 22:57:06,861 | WARNING | Stream: input overflow
2026-03-06 22:57:06,862 | INFO | Event#214 | Cough 😤 | conf=0.39 | dur=0.33s | cheat=False
2026-03-06 22:57:15,029 | WARNING | Stream: input overflow
2026-03-06 22:57:15,032 | INFO | Event#216 | Whisper 🤫 | conf=0.30 | dur=1.29s | cheat=False
2026-03-06 22:57:24,051 | WARNING | Stream: input overflow
2026-03-06 22:57:24,055 | INFO | Event#217 | Speech 🗣️ | conf=0.40 | dur=3.69s | cheat=False
2026-03-06 22:57:52,541 | WARNING | Stream: input overflow
2026-03-06 22:57:52,541 | INFO | Event#218 | Speech 🗣️ | conf=0.64 | dur=11.79s | cheat=False
2026-03-06 22:58:23,480 | WARNING | Stream: input overflow
2026-03-06 22:58:23,483 | INFO | Event#220 | Speech 🗣️ | conf=0.86 | dur=8.01s | cheat=True
2026-03-06 22:58:23,489 | WARNING | 🚨 CHEAT #4 | Speech 🗣️ | conf=0.86 | file=detections\cheat_0004_Speech.wav
2026-03-06 22:58:34,298 | INFO | Event#221 | Whisper 🤫 | conf=0.28 | dur=0.63s | cheat=False
2026-03-06 22:58:34,301 | WARNING | Stream: input overflow
2026-03-06 22:58:39,441 | WARNING | Stream: input overflow
2026-03-06 22:58:39,449 | INFO | Event#222 | Whisper 🤫 | conf=0.48 | dur=1.74s | cheat=False
2026-03-06 22:58:51,971 | WARNING | Stream: input overflow
2026-03-06 22:58:51,979 | INFO | Event#223 | Speech 🗣️ | conf=0.38 | dur=2.28s | cheat=False
2026-03-06 22:59:02,139 | INFO | Event#224 | Whisper 🤫 | conf=0.48 | dur=0.78s | cheat=False
2026-03-06 22:59:02,141 | WARNING | Stream: input overflow
2026-03-06 22:59:37,310 | WARNING | Stream: input overflow
2026-03-06 22:59:37,320 | INFO | Event#225 | Paper 📄 | conf=0.40 | dur=0.30s | cheat=False
2026-03-06 22:59:49,805 | WARNING | Stream: input overflow
2026-03-06 22:59:49,807 | INFO | Event#226 | Speech 🗣️ | conf=0.55 | dur=3.69s | cheat=False
2026-03-06 23:00:06,839 | INFO | Event#227 | Whisper 🤫 | conf=0.35 | dur=0.33s | cheat=False
2026-03-06 23:00:06,839 | WARNING | Stream: input overflow
2026-03-06 23:00:17,546 | WARNING | Stream: input overflow
2026-03-06 23:00:17,550 | INFO | Event#229 | Speech 🗣️ | conf=0.53 | dur=2.43s | cheat=False
2026-03-06 23:00:20,959 | INFO | Event#230 | Cough 😤 | conf=0.51 | dur=1.05s | cheat=False
2026-03-06 23:00:20,961 | WARNING | Stream: input overflow
2026-03-06 23:00:29,154 | WARNING | Stream: input overflow
2026-03-06 23:00:29,155 | INFO | Event#231 | Speech 🗣️ | conf=0.52 | dur=2.91s | cheat=False
2026-03-06 23:00:43,490 | WARNING | Stream: input overflow
2026-03-06 23:00:43,494 | INFO | Event#232 | Speech 🗣️ | conf=0.54 | dur=1.95s | cheat=False
2026-03-06 23:01:25,241 | WARNING | Stream: input overflow
2026-03-06 23:01:25,243 | INFO | Event#235 | Speech 🗣️ | conf=0.34 | dur=1.02s | cheat=False
2026-03-06 23:01:59,782 | INFO | Event#237 | Speech 🗣️ | conf=0.62 | dur=7.29s | cheat=False
2026-03-06 23:01:59,785 | WARNING | Stream: input overflow
2026-03-06 23:02:07,879 | WARNING | Stream: input overflow
2026-03-06 23:02:07,884 | INFO | Event#238 | Speech 🗣️ | conf=0.41 | dur=3.96s | cheat=False
2026-03-06 23:02:25,511 | WARNING | Stream: input overflow
2026-03-06 23:02:25,512 | INFO | Event#240 | Speech 🗣️ | conf=0.56 | dur=3.96s | cheat=False
2026-03-06 23:02:36,450 | WARNING | Stream: input overflow
2026-03-06 23:02:36,455 | INFO | Event#241 | Cough 😤 | conf=0.46 | dur=3.90s | cheat=False
2026-03-06 23:02:43,761 | WARNING | Stream: input overflow
2026-03-06 23:02:43,771 | INFO | Event#242 | Cough 😤 | conf=0.52 | dur=0.63s | cheat=False
2026-03-06 23:03:02,751 | WARNING | Stream: input overflow
2026-03-06 23:03:02,759 | INFO | Event#245 | Cough 😤 | conf=0.42 | dur=0.63s | cheat=False
2026-03-06 23:03:21,030 | WARNING | Stream: input overflow
2026-03-06 23:03:21,030 | INFO | Event#247 | Cough 😤 | conf=0.28 | dur=0.42s | cheat=False
2026-03-06 23:03:31,863 | WARNING | Stream: input overflow
2026-03-06 23:03:31,869 | INFO | Event#248 | Cough 😤 | conf=0.28 | dur=0.39s | cheat=False
2026-03-06 23:03:59,266 | INFO | Event#249 | Cough 😤 | conf=0.35 | dur=0.81s | cheat=False
2026-03-06 23:03:59,270 | WARNING | Stream: input overflow
2026-03-06 23:04:09,840 | WARNING | Stream: input overflow
2026-03-06 23:04:09,841 | INFO | Event#250 | Whisper 🤫 | conf=0.34 | dur=0.81s | cheat=False
2026-03-06 23:04:23,252 | WARNING | Stream: input overflow
2026-03-06 23:04:23,252 | INFO | Event#251 | Speech 🗣️ | conf=0.57 | dur=3.87s | cheat=False
2026-03-06 23:04:30,429 | INFO | Event#252 | Speech 🗣️ | conf=0.47 | dur=3.51s | cheat=False
2026-03-06 23:04:30,430 | WARNING | Stream: input overflow
2026-03-06 23:04:42,558 | INFO | Event#254 | Cough 😤 | conf=0.32 | dur=0.30s | cheat=False
2026-03-06 23:04:42,560 | WARNING | Stream: input overflow
2026-03-06 23:04:53,140 | WARNING | Stream: input overflow
2026-03-06 23:04:53,148 | INFO | Event#255 | Cough 😤 | conf=0.31 | dur=0.45s | cheat=False
2026-03-06 23:04:55,380 | WARNING | Stream: input overflow
2026-03-06 23:04:55,381 | INFO | Event#256 | Whisper 🤫 | conf=0.48 | dur=0.45s | cheat=False
2026-03-06 23:05:51,152 | WARNING | Stream: input overflow
2026-03-06 23:05:51,157 | INFO | Event#261 | Whisper 🤫 | conf=0.41 | dur=0.36s | cheat=False
2026-03-06 23:05:58,650 | WARNING | Stream: input overflow
2026-03-06 23:05:58,652 | INFO | Event#262 | Whisper 🤫 | conf=0.33 | dur=0.96s | cheat=False
2026-03-06 23:06:45,600 | WARNING | Stream: input overflow
2026-03-06 23:06:45,606 | INFO | Event#264 | Whisper 🤫 | conf=0.33 | dur=0.36s | cheat=False
2026-03-06 23:07:14,051 | WARNING | Stream: input overflow
2026-03-06 23:07:14,060 | INFO | Event#265 | Cough 😤 | conf=0.46 | dur=2.40s | cheat=False
2026-03-06 23:07:16,304 | WARNING | Stream: input overflow
2026-03-06 23:07:16,306 | INFO | Event#266 | Whisper 🤫 | conf=0.42 | dur=0.48s | cheat=False
2026-03-06 23:07:51,268 | INFO | Event#268 | Whisper 🤫 | conf=0.41 | dur=3.24s | cheat=False
2026-03-06 23:07:51,271 | WARNING | Stream: input overflow
2026-03-06 23:08:02,600 | WARNING | Stream: input overflow
2026-03-06 23:08:02,606 | INFO | Event#270 | Whisper 🤫 | conf=0.36 | dur=0.78s | cheat=False
2026-03-06 23:08:11,688 | INFO | Event#271 | Paper 📄 | conf=0.49 | dur=0.36s | cheat=False
2026-03-06 23:08:11,690 | WARNING | Stream: input overflow
2026-03-06 23:08:48,060 | WARNING | Stream: input overflow
2026-03-06 23:08:48,066 | INFO | Event#274 | Cough 😤 | conf=0.33 | dur=0.39s | cheat=False
2026-03-06 23:08:53,142 | WARNING | Stream: input overflow
2026-03-06 23:08:53,150 | INFO | Event#275 | Cough 😤 | conf=0.55 | dur=0.60s | cheat=False
2026-03-06 23:08:55,703 | WARNING | Stream: input overflow
2026-03-06 23:08:55,711 | INFO | Event#276 | Cough 😤 | conf=0.51 | dur=0.78s | cheat=False
2026-03-06 23:09:04,381 | WARNING | Stream: input overflow
2026-03-06 23:09:04,381 | INFO | Event#277 | Whisper 🤫 | conf=0.42 | dur=0.51s | cheat=False
2026-03-06 23:09:08,969 | INFO | Event#278 | Cough 😤 | conf=0.42 | dur=0.45s | cheat=False
2026-03-06 23:09:08,971 | WARNING | Stream: input overflow
2026-03-06 23:09:16,450 | WARNING | Stream: input overflow
2026-03-06 23:09:16,455 | INFO | Event#279 | Cough 😤 | conf=0.47 | dur=0.63s | cheat=False
2026-03-06 23:09:24,328 | INFO | Event#281 | Whisper 🤫 | conf=0.44 | dur=0.36s | cheat=False
2026-03-06 23:09:24,330 | WARNING | Stream: input overflow
2026-03-06 23:09:37,741 | WARNING | Stream: input overflow
2026-03-06 23:09:37,744 | INFO | Event#284 | Whisper 🤫 | conf=0.33 | dur=0.42s | cheat=False
2026-03-06 23:09:47,210 | WARNING | Stream: input overflow
2026-03-06 23:09:47,216 | INFO | Event#285 | Whisper 🤫 | conf=0.42 | dur=1.44s | cheat=False
2026-03-06 23:09:54,708 | INFO | Event#289 | Cough 😤 | conf=0.27 | dur=0.42s | cheat=False
2026-03-06 23:09:54,711 | WARNING | Stream: input overflow
