2026-04-18 14:46:06,194 | INFO | Calibration done | base=0.0000002 | multiplier=×3.5 | threshold=0.0000007
2026-04-18 14:46:24,889 | WARNING | Stream status: input overflow
2026-04-18 14:46:26,786 | INFO | Event#1 | Cheating 🚨 | conf=0.639 | dur=0.63s | cheat=False
2026-04-18 14:46:27,407 | WARNING | Stream status: input overflow
2026-04-18 14:46:27,431 | INFO | Event#2 | Cheating 🚨 | conf=0.586 | dur=0.87s | cheat=False
2026-04-18 14:46:35,044 | WARNING | Stream status: input overflow
2026-04-18 14:46:35,067 | INFO | Event#3 | Cheating 🚨 | conf=0.684 | dur=1.05s | cheat=True
2026-04-18 14:46:35,073 | WARNING | 🚨 CHEAT #1 | Cheating 🚨 | conf=0.684 | dur=1.05s | file=detections\cheat_0001_14-46-35.wav
2026-04-18 14:47:19,748 | WARNING | Stream status: input overflow
2026-04-18 14:47:19,788 | INFO | Event#6 | Cheating 🚨 | conf=0.687 | dur=1.32s | cheat=True
2026-04-18 14:47:19,792 | WARNING | 🚨 CHEAT #2 | Cheating 🚨 | conf=0.687 | dur=1.32s | file=detections\cheat_0002_14-47-19.wav
2026-04-18 14:47:23,743 | WARNING | Stream status: input overflow
2026-04-18 14:47:23,781 | INFO | Event#7 | Cheating 🚨 | conf=0.677 | dur=0.51s | cheat=False
2026-04-18 14:47:32,362 | WARNING | Stream status: input overflow
2026-04-18 14:47:32,391 | INFO | Event#9 | Cheating 🚨 | conf=0.735 | dur=0.57s | cheat=False
2026-04-18 14:47:36,312 | WARNING | Stream status: input overflow
2026-04-18 14:47:36,335 | INFO | Event#10 | Cheating 🚨 | conf=0.647 | dur=0.54s | cheat=False
2026-04-18 14:47:39,155 | WARNING | Stream status: input overflow
2026-04-18 14:47:39,178 | INFO | Event#11 | Cheating 🚨 | conf=0.873 | dur=0.42s | cheat=False
2026-04-18 14:47:41,868 | WARNING | Stream status: input overflow
2026-04-18 14:47:41,902 | INFO | Event#12 | Cheating 🚨 | conf=0.907 | dur=0.36s | cheat=False
2026-04-18 14:47:44,780 | WARNING | Stream status: input overflow
2026-04-18 14:47:44,813 | INFO | Event#13 | Cheating 🚨 | conf=0.840 | dur=0.57s | cheat=False
2026-04-18 14:47:51,241 | WARNING | Stream status: input overflow
2026-04-18 14:47:51,277 | INFO | Event#14 | Cheating 🚨 | conf=0.759 | dur=0.51s | cheat=False
